<?xml version="1.0" encoding="UTF-8"?>
<!-- Generated by org.testng.reporters.JUnitXMLReporter -->
<testsuite hostname="winsens-MBP.fios-router.home" ignored="0" name="Command line test" tests="1" failures="0" timestamp="14 May 2019 05:53:40 GMT" time="0.02" errors="0">
  <testcase name="@BeforeMethod setupDriver" time="0.0" classname="mainPackage.HomePage">
    <failure type="org.testng.TestNGException" message="
Parameter &amp;apos;platform&amp;apos; is required by BeforeMethod on method setupDriver but has not been marked @Optional or defined
">
      <![CDATA[org.testng.TestNGException: 
Parameter 'platform' is required by BeforeMethod on method setupDriver but has not been marked @Optional or defined

... Removed 34 stack frames]]>
    </failure>
  </testcase> <!-- @BeforeMethod setupDriver -->
  <testcase name="@AfterMethod quit" time="0.0" classname="mainPackage.HomePage">
    <skipped/>
  </testcase> <!-- @AfterMethod quit -->
  <testcase name="homeTest" time="0.0" classname="amazonHomePageTest.SetupAmazonHomeTest">
    <skipped/>
  </testcase> <!-- homeTest -->
</testsuite> <!-- Command line test -->
